2026.03.02 23:25:54 INFO  Started: Metals version 1.6.5 in folders '/Users/pro/f.csa311.25b-lab04/Java' for client Visual Studio Code 1.109.0.[0m
2026.03.02 23:25:54 INFO  Memory monitor started[0m
2026.03.02 23:25:54 WARN  Using H2 2.4.240 which is newer than the version Flyway has been verified with. The latest verified version of H2 is 2.3.232.[0m
2026.03.02 23:25:54 INFO  no build target found for /Users/pro/f.csa311.25b-lab04/Java/src/test/java/edu/cmu/cs/cs214/rec02/IntQueueTest.java. Using fallback presentation compiler.[0m
2026.03.02 23:25:55 INFO  no build target found for /Users/pro/f.csa311.25b-lab04/Java/src/test/java/edu/cmu/cs/cs214/rec02/IntQueueTest.java. Using fallback presentation compiler.[0m
2026.03.02 23:25:55 INFO  no build target found for /Users/pro/f.csa311.25b-lab04/Java/src/test/java/edu/cmu/cs/cs214/rec02/IntQueueTest.java. Using fallback presentation compiler.[0m
2026.03.02 23:25:55 INFO  no build target found for /Users/pro/f.csa311.25b-lab04/Java/src/test/java/edu/cmu/cs/cs214/rec02/IntQueueTest.java. Using fallback presentation compiler.[0m
2026.03.02 23:25:56 INFO  restarted 1 presentation compiler[0m
2026.03.02 23:26:00 INFO  no build target found for /Users/pro/f.csa311.25b-lab04/Java/src/test/java/edu/cmu/cs/cs214/rec02/IntQueueTest.java. Using fallback presentation compiler.[0m
2026.03.02 23:26:00 INFO  no build target found for /Users/pro/f.csa311.25b-lab04/Java/src/test/java/edu/cmu/cs/cs214/rec02/IntQueueTest.java. Using fallback presentation compiler.[0m
2026.03.02 23:26:05 INFO  no build target found for /Users/pro/f.csa311.25b-lab04/Java/src/test/java/edu/cmu/cs/cs214/rec02/IntQueueTest.java. Using fallback presentation compiler.[0m
2026.03.02 23:26:08 INFO  no build target found for /Users/pro/f.csa311.25b-lab04/Java/src/test/java/edu/cmu/cs/cs214/rec02/IntQueueTest.java. Using fallback presentation compiler.[0m
2026.03.02 23:26:10 INFO  no build target found for /Users/pro/f.csa311.25b-lab04/Java/src/test/java/edu/cmu/cs/cs214/rec02/IntQueueTest.java. Using fallback presentation compiler.[0m
2026.03.02 23:26:10 INFO  no build target found for /Users/pro/f.csa311.25b-lab04/Java/src/test/java/edu/cmu/cs/cs214/rec02/IntQueueTest.java. Using fallback presentation compiler.[0m
2026.03.02 23:26:10 INFO  no build target found for /Users/pro/f.csa311.25b-lab04/Java/src/test/java/edu/cmu/cs/cs214/rec02/IntQueueTest.java. Using fallback presentation compiler.[0m
2026.03.02 23:26:18 INFO  no build target found for /Users/pro/f.csa311.25b-lab04/Java/src/test/java/edu/cmu/cs/cs214/rec02/IntQueueTest.java. Using fallback presentation compiler.[0m
2026.03.02 23:26:19 INFO  no build target found for /Users/pro/f.csa311.25b-lab04/Java/src/test/java/edu/cmu/cs/cs214/rec02/IntQueueTest.java. Using fallback presentation compiler.[0m
2026.03.02 23:26:21 INFO  no build target found for /Users/pro/f.csa311.25b-lab04/Java/src/test/java/edu/cmu/cs/cs214/rec02/IntQueueTest.java. Using fallback presentation compiler.[0m
2026.03.02 23:26:21 INFO  no build target found for /Users/pro/f.csa311.25b-lab04/Java/src/test/java/edu/cmu/cs/cs214/rec02/IntQueueTest.java. Using fallback presentation compiler.[0m
2026.03.02 23:26:21 INFO  no build target found for /Users/pro/f.csa311.25b-lab04/Java/src/test/java/edu/cmu/cs/cs214/rec02/IntQueueTest.java. Using fallback presentation compiler.[0m
2026.03.02 23:26:21 INFO  no build target found for /Users/pro/f.csa311.25b-lab04/Java/src/test/java/edu/cmu/cs/cs214/rec02/IntQueueTest.java. Using fallback presentation compiler.[0m
2026.03.02 23:26:22 INFO  no build target found for /Users/pro/f.csa311.25b-lab04/Java/src/test/java/edu/cmu/cs/cs214/rec02/IntQueueTest.java. Using fallback presentation compiler.[0m
2026.03.02 23:26:24 INFO  no build target found for /Users/pro/f.csa311.25b-lab04/Java/src/test/java/edu/cmu/cs/cs214/rec02/IntQueueTest.java. Using fallback presentation compiler.[0m
2026.03.02 23:26:26 INFO  no build target found for /Users/pro/f.csa311.25b-lab04/Java/src/test/java/edu/cmu/cs/cs214/rec02/IntQueueTest.java. Using fallback presentation compiler.[0m
2026.03.02 23:26:26 INFO  no build target found for /Users/pro/f.csa311.25b-lab04/Java/src/test/java/edu/cmu/cs/cs214/rec02/IntQueueTest.java. Using fallback presentation compiler.[0m
2026.03.02 23:26:26 INFO  no build target found for /Users/pro/f.csa311.25b-lab04/Java/src/test/java/edu/cmu/cs/cs214/rec02/IntQueueTest.java. Using fallback presentation compiler.[0m
2026.03.02 23:26:26 INFO  no build target found for /Users/pro/f.csa311.25b-lab04/Java/src/test/java/edu/cmu/cs/cs214/rec02/IntQueueTest.java. Using fallback presentation compiler.[0m
2026.03.02 23:26:28 INFO  no build target found for /Users/pro/f.csa311.25b-lab04/Java/src/test/java/edu/cmu/cs/cs214/rec02/IntQueueTest.java. Using fallback presentation compiler.[0m
2026.03.02 23:26:28 INFO  no build target found for /Users/pro/f.csa311.25b-lab04/Java/src/test/java/edu/cmu/cs/cs214/rec02/IntQueueTest.java. Using fallback presentation compiler.[0m
2026.03.02 23:26:28 INFO  no build target found for /Users/pro/f.csa311.25b-lab04/Java/src/test/java/edu/cmu/cs/cs214/rec02/IntQueueTest.java. Using fallback presentation compiler.[0m
2026.03.02 23:26:30 INFO  no build target found for /Users/pro/f.csa311.25b-lab04/Java/src/test/java/edu/cmu/cs/cs214/rec02/IntQueueTest.java. Using fallback presentation compiler.[0m
2026.03.02 23:26:30 INFO  no build target found for /Users/pro/f.csa311.25b-lab04/Java/src/test/java/edu/cmu/cs/cs214/rec02/IntQueueTest.java. Using fallback presentation compiler.[0m
2026.03.02 23:26:31 INFO  no build target found for /Users/pro/f.csa311.25b-lab04/Java/src/test/java/edu/cmu/cs/cs214/rec02/IntQueueTest.java. Using fallback presentation compiler.[0m
2026.03.02 23:26:30 INFO  no build target found for /Users/pro/f.csa311.25b-lab04/Java/src/test/java/edu/cmu/cs/cs214/rec02/IntQueueTest.java. Using fallback presentation compiler.[0m
2026.03.02 23:26:31 INFO  no build target found for /Users/pro/f.csa311.25b-lab04/Java/src/test/java/edu/cmu/cs/cs214/rec02/IntQueueTest.java. Using fallback presentation compiler.[0m
2026.03.02 23:26:32 INFO  no build target found for /Users/pro/f.csa311.25b-lab04/Java/src/test/java/edu/cmu/cs/cs214/rec02/IntQueueTest.java. Using fallback presentation compiler.[0m
2026.03.02 23:26:33 INFO  no build target found for /Users/pro/f.csa311.25b-lab04/Java/src/test/java/edu/cmu/cs/cs214/rec02/IntQueueTest.java. Using fallback presentation compiler.[0m
2026.03.02 23:26:33 INFO  no build target found for /Users/pro/f.csa311.25b-lab04/Java/src/test/java/edu/cmu/cs/cs214/rec02/IntQueueTest.java. Using fallback presentation compiler.[0m
2026.03.02 23:26:33 INFO  no build target found for /Users/pro/f.csa311.25b-lab04/Java/src/test/java/edu/cmu/cs/cs214/rec02/IntQueueTest.java. Using fallback presentation compiler.[0m
2026.03.02 23:26:33 INFO  no build target found for /Users/pro/f.csa311.25b-lab04/Java/src/test/java/edu/cmu/cs/cs214/rec02/IntQueueTest.java. Using fallback presentation compiler.[0m
2026.03.02 23:26:33 INFO  no build target found for /Users/pro/f.csa311.25b-lab04/Java/src/test/java/edu/cmu/cs/cs214/rec02/IntQueueTest.java. Using fallback presentation compiler.[0m
2026.03.02 23:26:34 INFO  no build target found for /Users/pro/f.csa311.25b-lab04/Java/src/test/java/edu/cmu/cs/cs214/rec02/IntQueueTest.java. Using fallback presentation compiler.[0m
2026.03.02 23:26:34 INFO  no build target found for /Users/pro/f.csa311.25b-lab04/Java/src/test/java/edu/cmu/cs/cs214/rec02/IntQueueTest.java. Using fallback presentation compiler.[0m
2026.03.02 23:26:34 INFO  no build target found for /Users/pro/f.csa311.25b-lab04/Java/src/test/java/edu/cmu/cs/cs214/rec02/IntQueueTest.java. Using fallback presentation compiler.[0m
2026.03.02 23:26:36 INFO  no build target found for /Users/pro/f.csa311.25b-lab04/Java/src/test/java/edu/cmu/cs/cs214/rec02/IntQueueTest.java. Using fallback presentation compiler.[0m
2026.03.02 23:26:36 INFO  no build target found for /Users/pro/f.csa311.25b-lab04/Java/src/test/java/edu/cmu/cs/cs214/rec02/IntQueueTest.java. Using fallback presentation compiler.[0m
2026.03.02 23:26:37 INFO  no build target found for /Users/pro/f.csa311.25b-lab04/Java/src/test/java/edu/cmu/cs/cs214/rec02/IntQueueTest.java. Using fallback presentation compiler.[0m
2026.03.02 23:26:37 INFO  no build target found for /Users/pro/f.csa311.25b-lab04/Java/src/test/java/edu/cmu/cs/cs214/rec02/IntQueueTest.java. Using fallback presentation compiler.[0m
2026.03.02 23:26:39 INFO  no build target found for /Users/pro/f.csa311.25b-lab04/Java/src/test/java/edu/cmu/cs/cs214/rec02/IntQueueTest.java. Using fallback presentation compiler.[0m
2026.03.02 23:26:44 INFO  no build target found for /Users/pro/f.csa311.25b-lab04/Java/src/test/java/edu/cmu/cs/cs214/rec02/IntQueueTest.java. Using fallback presentation compiler.[0m
2026.03.02 23:27:53 INFO  no build target found for /Users/pro/f.csa311.25b-lab04/Java/src/test/java/edu/cmu/cs/cs214/rec02/IntQueueTest.java. Using fallback presentation compiler.[0m
2026.03.02 23:27:53 INFO  no build target found for /Users/pro/f.csa311.25b-lab04/Java/src/test/java/edu/cmu/cs/cs214/rec02/IntQueueTest.java. Using fallback presentation compiler.[0m
2026.03.02 23:27:53 INFO  no build target found for /Users/pro/f.csa311.25b-lab04/Java/src/test/java/edu/cmu/cs/cs214/rec02/IntQueueTest.java. Using fallback presentation compiler.[0m
2026.03.02 23:27:54 INFO  no build target found for /Users/pro/f.csa311.25b-lab04/Java/src/test/java/edu/cmu/cs/cs214/rec02/IntQueueTest.java. Using fallback presentation compiler.[0m
2026.03.02 23:27:54 INFO  no build target found for /Users/pro/f.csa311.25b-lab04/Java/src/test/java/edu/cmu/cs/cs214/rec02/IntQueueTest.java. Using fallback presentation compiler.[0m
2026.03.02 23:27:54 INFO  no build target found for /Users/pro/f.csa311.25b-lab04/Java/src/test/java/edu/cmu/cs/cs214/rec02/IntQueueTest.java. Using fallback presentation compiler.[0m
2026.03.02 23:27:54 INFO  no build target found for /Users/pro/f.csa311.25b-lab04/Java/src/test/java/edu/cmu/cs/cs214/rec02/IntQueueTest.java. Using fallback presentation compiler.[0m
2026.03.02 23:27:58 INFO  no build target found for /Users/pro/f.csa311.25b-lab04/Java/src/test/java/edu/cmu/cs/cs214/rec02/IntQueueTest.java. Using fallback presentation compiler.[0m
2026.03.02 23:28:00 INFO  no build target found for /Users/pro/f.csa311.25b-lab04/Java/src/test/java/edu/cmu/cs/cs214/rec02/IntQueueTest.java. Using fallback presentation compiler.[0m
2026.03.02 23:28:02 INFO  no build target found for /Users/pro/f.csa311.25b-lab04/Java/src/test/java/edu/cmu/cs/cs214/rec02/IntQueueTest.java. Using fallback presentation compiler.[0m
2026.03.02 23:28:02 INFO  no build target found for /Users/pro/f.csa311.25b-lab04/Java/src/test/java/edu/cmu/cs/cs214/rec02/IntQueueTest.java. Using fallback presentation compiler.[0m
2026.03.02 23:28:02 INFO  no build target found for /Users/pro/f.csa311.25b-lab04/Java/src/test/java/edu/cmu/cs/cs214/rec02/IntQueueTest.java. Using fallback presentation compiler.[0m
2026.03.02 23:28:02 INFO  no build target found for /Users/pro/f.csa311.25b-lab04/Java/src/test/java/edu/cmu/cs/cs214/rec02/IntQueueTest.java. Using fallback presentation compiler.[0m
2026.03.02 23:28:09 INFO  no build target found for /Users/pro/f.csa311.25b-lab04/Java/src/test/java/edu/cmu/cs/cs214/rec02/IntQueueTest.java. Using fallback presentation compiler.[0m
2026.03.02 23:28:09 INFO  no build target found for /Users/pro/f.csa311.25b-lab04/Java/src/test/java/edu/cmu/cs/cs214/rec02/IntQueueTest.java. Using fallback presentation compiler.[0m
2026.03.02 23:28:11 INFO  no build target found for /Users/pro/f.csa311.25b-lab04/Java/src/test/java/edu/cmu/cs/cs214/rec02/IntQueueTest.java. Using fallback presentation compiler.[0m
2026.03.02 23:28:11 WARN  no build target for: /Users/pro/f.csa311.25b-lab04/Java/src/test/java/edu/cmu/cs/cs214/rec02/IntQueueTest.java[0m
2026.03.02 23:28:11 INFO  no build target found for /Users/pro/f.csa311.25b-lab04/Java/src/test/java/edu/cmu/cs/cs214/rec02/IntQueueTest.java. Using fallback presentation compiler.[0m
2026.03.02 23:28:11 INFO  no build target found for /Users/pro/f.csa311.25b-lab04/Java/src/test/java/edu/cmu/cs/cs214/rec02/IntQueueTest.java. Using fallback presentation compiler.[0m
2026.03.02 23:28:11 INFO  no build target found for /Users/pro/f.csa311.25b-lab04/Java/src/test/java/edu/cmu/cs/cs214/rec02/IntQueueTest.java. Using fallback presentation compiler.[0m
2026.03.02 23:28:11 INFO  no build target found for /Users/pro/f.csa311.25b-lab04/Java/src/test/java/edu/cmu/cs/cs214/rec02/IntQueueTest.java. Using fallback presentation compiler.[0m
2026.03.02 23:28:14 INFO  no build target found for /Users/pro/f.csa311.25b-lab04/Java/src/test/java/edu/cmu/cs/cs214/rec02/IntQueueTest.java. Using fallback presentation compiler.[0m
2026.03.02 23:28:21 INFO  no build target found for /Users/pro/f.csa311.25b-lab04/Java/src/test/java/edu/cmu/cs/cs214/rec02/IntQueueTest.java. Using fallback presentation compiler.[0m
2026.03.02 23:29:36 INFO  no build target found for /Users/pro/f.csa311.25b-lab04/Java/src/test/java/edu/cmu/cs/cs214/rec02/IntQueueTest.java. Using fallback presentation compiler.[0m
2026.03.02 23:29:50 INFO  no build target found for /Users/pro/f.csa311.25b-lab04/Java/src/test/java/edu/cmu/cs/cs214/rec02/IntQueueTest.java. Using fallback presentation compiler.[0m
2026.03.02 23:29:50 INFO  no build target found for /Users/pro/f.csa311.25b-lab04/Java/src/test/java/edu/cmu/cs/cs214/rec02/IntQueueTest.java. Using fallback presentation compiler.[0m
2026.03.02 23:30:17 INFO  no build target found for /Users/pro/f.csa311.25b-lab04/Java/src/test/java/edu/cmu/cs/cs214/rec02/IntQueueTest.java. Using fallback presentation compiler.[0m
2026.03.02 23:30:17 INFO  no build target found for /Users/pro/f.csa311.25b-lab04/Java/src/test/java/edu/cmu/cs/cs214/rec02/IntQueueTest.java. Using fallback presentation compiler.[0m
2026.03.02 23:30:45 INFO  no build target found for /Users/pro/f.csa311.25b-lab04/Java/src/test/java/edu/cmu/cs/cs214/rec02/IntQueueTest.java. Using fallback presentation compiler.[0m
2026.03.02 23:30:46 INFO  no build target found for /Users/pro/f.csa311.25b-lab04/Java/src/test/java/edu/cmu/cs/cs214/rec02/IntQueueTest.java. Using fallback presentation compiler.[0m
2026.03.02 23:30:53 INFO  no build target found for /Users/pro/f.csa311.25b-lab04/Java/src/test/java/edu/cmu/cs/cs214/rec02/IntQueueTest.java. Using fallback presentation compiler.[0m
2026.03.02 23:30:54 INFO  no build target found for /Users/pro/f.csa311.25b-lab04/Java/src/test/java/edu/cmu/cs/cs214/rec02/IntQueueTest.java. Using fallback presentation compiler.[0m
2026.03.02 23:30:53 INFO  no build target found for /Users/pro/f.csa311.25b-lab04/Java/src/test/java/edu/cmu/cs/cs214/rec02/IntQueueTest.java. Using fallback presentation compiler.[0m
2026.03.02 23:30:53 INFO  no build target found for /Users/pro/f.csa311.25b-lab04/Java/src/test/java/edu/cmu/cs/cs214/rec02/IntQueueTest.java. Using fallback presentation compiler.[0m
2026.03.02 23:31:04 INFO  no build target found for /Users/pro/f.csa311.25b-lab04/Java/src/test/java/edu/cmu/cs/cs214/rec02/IntQueueTest.java. Using fallback presentation compiler.[0m
2026.03.02 23:31:04 WARN  no build target for: /Users/pro/f.csa311.25b-lab04/Java/src/test/java/edu/cmu/cs/cs214/rec02/IntQueueTest.java[0m
2026.03.02 23:31:04 INFO  no build target found for /Users/pro/f.csa311.25b-lab04/Java/src/test/java/edu/cmu/cs/cs214/rec02/IntQueueTest.java. Using fallback presentation compiler.[0m
2026.03.02 23:31:04 INFO  no build target found for /Users/pro/f.csa311.25b-lab04/Java/src/test/java/edu/cmu/cs/cs214/rec02/IntQueueTest.java. Using fallback presentation compiler.[0m
2026.03.02 23:31:04 INFO  no build target found for /Users/pro/f.csa311.25b-lab04/Java/src/test/java/edu/cmu/cs/cs214/rec02/IntQueueTest.java. Using fallback presentation compiler.[0m
2026.03.02 23:31:06 INFO  no build target found for /Users/pro/f.csa311.25b-lab04/Java/src/test/java/edu/cmu/cs/cs214/rec02/IntQueueTest.java. Using fallback presentation compiler.[0m
2026.03.02 23:32:10 INFO  no build target found for /Users/pro/f.csa311.25b-lab04/Java/src/test/java/edu/cmu/cs/cs214/rec02/IntQueueTest.java. Using fallback presentation compiler.[0m
2026.03.02 23:32:21 INFO  no build target found for /Users/pro/f.csa311.25b-lab04/Java/src/test/java/edu/cmu/cs/cs214/rec02/IntQueueTest.java. Using fallback presentation compiler.[0m
2026.03.02 23:32:25 INFO  no build target found for /Users/pro/f.csa311.25b-lab04/Java/src/test/java/edu/cmu/cs/cs214/rec02/IntQueueTest.java. Using fallback presentation compiler.[0m
2026.03.02 23:34:01 INFO  no build target found for /Users/pro/f.csa311.25b-lab04/Java/src/main/java/edu/cmu/cs/cs214/rec02/ArrayIntQueue.java. Using fallback presentation compiler.[0m
2026.03.02 23:34:01 INFO  no build target found for /Users/pro/f.csa311.25b-lab04/Java/src/main/java/edu/cmu/cs/cs214/rec02/ArrayIntQueue.java. Using fallback presentation compiler.[0m
2026.03.02 23:34:01 INFO  no build target found for /Users/pro/f.csa311.25b-lab04/Java/src/main/java/edu/cmu/cs/cs214/rec02/ArrayIntQueue.java. Using fallback presentation compiler.[0m
2026.03.02 23:34:02 INFO  no build target found for /Users/pro/f.csa311.25b-lab04/Java/src/main/java/edu/cmu/cs/cs214/rec02/ArrayIntQueue.java. Using fallback presentation compiler.[0m
2026.03.02 23:34:02 INFO  no build target found for /Users/pro/f.csa311.25b-lab04/Java/src/main/java/edu/cmu/cs/cs214/rec02/ArrayIntQueue.java. Using fallback presentation compiler.[0m
2026.03.02 23:34:06 INFO  no build target found for /Users/pro/f.csa311.25b-lab04/Java/src/main/java/edu/cmu/cs/cs214/rec02/ArrayIntQueue.java. Using fallback presentation compiler.[0m
2026.03.02 23:34:06 INFO  no build target found for /Users/pro/f.csa311.25b-lab04/Java/src/main/java/edu/cmu/cs/cs214/rec02/ArrayIntQueue.java. Using fallback presentation compiler.[0m
2026.03.02 23:34:06 INFO  no build target found for /Users/pro/f.csa311.25b-lab04/Java/src/main/java/edu/cmu/cs/cs214/rec02/ArrayIntQueue.java. Using fallback presentation compiler.[0m
2026.03.02 23:34:06 INFO  no build target found for /Users/pro/f.csa311.25b-lab04/Java/src/main/java/edu/cmu/cs/cs214/rec02/ArrayIntQueue.java. Using fallback presentation compiler.[0m
2026.03.02 23:34:07 INFO  no build target found for /Users/pro/f.csa311.25b-lab04/Java/src/main/java/edu/cmu/cs/cs214/rec02/ArrayIntQueue.java. Using fallback presentation compiler.[0m
2026.03.02 23:34:07 INFO  no build target found for /Users/pro/f.csa311.25b-lab04/Java/src/main/java/edu/cmu/cs/cs214/rec02/ArrayIntQueue.java. Using fallback presentation compiler.[0m
2026.03.02 23:34:07 INFO  no build target found for /Users/pro/f.csa311.25b-lab04/Java/src/main/java/edu/cmu/cs/cs214/rec02/ArrayIntQueue.java. Using fallback presentation compiler.[0m
2026.03.02 23:34:07 INFO  no build target found for /Users/pro/f.csa311.25b-lab04/Java/src/main/java/edu/cmu/cs/cs214/rec02/ArrayIntQueue.java. Using fallback presentation compiler.[0m
2026.03.02 23:34:07 INFO  no build target found for /Users/pro/f.csa311.25b-lab04/Java/src/main/java/edu/cmu/cs/cs214/rec02/ArrayIntQueue.java. Using fallback presentation compiler.[0m
2026.03.02 23:34:08 INFO  no build target found for /Users/pro/f.csa311.25b-lab04/Java/src/main/java/edu/cmu/cs/cs214/rec02/ArrayIntQueue.java. Using fallback presentation compiler.[0m
2026.03.02 23:34:09 INFO  no build target found for /Users/pro/f.csa311.25b-lab04/Java/src/main/java/edu/cmu/cs/cs214/rec02/ArrayIntQueue.java. Using fallback presentation compiler.[0m
2026.03.02 23:34:12 INFO  no build target found for /Users/pro/f.csa311.25b-lab04/Java/src/main/java/edu/cmu/cs/cs214/rec02/ArrayIntQueue.java. Using fallback presentation compiler.[0m
2026.03.02 23:34:12 INFO  no build target found for /Users/pro/f.csa311.25b-lab04/Java/src/main/java/edu/cmu/cs/cs214/rec02/ArrayIntQueue.java. Using fallback presentation compiler.[0m
2026.03.02 23:34:13 INFO  no build target found for /Users/pro/f.csa311.25b-lab04/Java/src/main/java/edu/cmu/cs/cs214/rec02/ArrayIntQueue.java. Using fallback presentation compiler.[0m
2026.03.02 23:34:15 INFO  no build target found for /Users/pro/f.csa311.25b-lab04/Java/src/main/java/edu/cmu/cs/cs214/rec02/ArrayIntQueue.java. Using fallback presentation compiler.[0m
2026.03.02 23:34:56 INFO  no build target found for /Users/pro/f.csa311.25b-lab04/Java/src/main/java/edu/cmu/cs/cs214/rec02/ArrayIntQueue.java. Using fallback presentation compiler.[0m
2026.03.02 23:34:56 INFO  no build target found for /Users/pro/f.csa311.25b-lab04/Java/src/main/java/edu/cmu/cs/cs214/rec02/ArrayIntQueue.java. Using fallback presentation compiler.[0m
2026.03.02 23:34:56 INFO  no build target found for /Users/pro/f.csa311.25b-lab04/Java/src/main/java/edu/cmu/cs/cs214/rec02/ArrayIntQueue.java. Using fallback presentation compiler.[0m
2026.03.02 23:34:58 INFO  no build target found for /Users/pro/f.csa311.25b-lab04/Java/src/main/java/edu/cmu/cs/cs214/rec02/ArrayIntQueue.java. Using fallback presentation compiler.[0m
2026.03.02 23:34:58 INFO  no build target found for /Users/pro/f.csa311.25b-lab04/Java/src/main/java/edu/cmu/cs/cs214/rec02/ArrayIntQueue.java. Using fallback presentation compiler.[0m
2026.03.02 23:34:59 INFO  no build target found for /Users/pro/f.csa311.25b-lab04/Java/src/main/java/edu/cmu/cs/cs214/rec02/ArrayIntQueue.java. Using fallback presentation compiler.[0m
2026.03.02 23:35:00 INFO  no build target found for /Users/pro/f.csa311.25b-lab04/Java/src/main/java/edu/cmu/cs/cs214/rec02/ArrayIntQueue.java. Using fallback presentation compiler.[0m
2026.03.02 23:35:00 INFO  no build target found for /Users/pro/f.csa311.25b-lab04/Java/src/main/java/edu/cmu/cs/cs214/rec02/ArrayIntQueue.java. Using fallback presentation compiler.[0m
2026.03.02 23:35:00 INFO  no build target found for /Users/pro/f.csa311.25b-lab04/Java/src/main/java/edu/cmu/cs/cs214/rec02/ArrayIntQueue.java. Using fallback presentation compiler.[0m
2026.03.02 23:35:00 INFO  no build target found for /Users/pro/f.csa311.25b-lab04/Java/src/main/java/edu/cmu/cs/cs214/rec02/ArrayIntQueue.java. Using fallback presentation compiler.[0m
2026.03.02 23:35:01 INFO  no build target found for /Users/pro/f.csa311.25b-lab04/Java/src/main/java/edu/cmu/cs/cs214/rec02/ArrayIntQueue.java. Using fallback presentation compiler.[0m
2026.03.02 23:35:03 INFO  no build target found for /Users/pro/f.csa311.25b-lab04/Java/src/main/java/edu/cmu/cs/cs214/rec02/ArrayIntQueue.java. Using fallback presentation compiler.[0m
2026.03.02 23:35:03 INFO  no build target found for /Users/pro/f.csa311.25b-lab04/Java/src/main/java/edu/cmu/cs/cs214/rec02/ArrayIntQueue.java. Using fallback presentation compiler.[0m
2026.03.02 23:35:19 INFO  no build target found for /Users/pro/f.csa311.25b-lab04/Java/src/main/java/edu/cmu/cs/cs214/rec02/ArrayIntQueue.java. Using fallback presentation compiler.[0m
2026.03.02 23:35:25 INFO  no build target found for /Users/pro/f.csa311.25b-lab04/Java/src/main/java/edu/cmu/cs/cs214/rec02/ArrayIntQueue.java. Using fallback presentation compiler.[0m
2026.03.02 23:35:25 INFO  no build target found for /Users/pro/f.csa311.25b-lab04/Java/src/main/java/edu/cmu/cs/cs214/rec02/ArrayIntQueue.java. Using fallback presentation compiler.[0m
2026.03.02 23:35:25 INFO  no build target found for /Users/pro/f.csa311.25b-lab04/Java/src/main/java/edu/cmu/cs/cs214/rec02/ArrayIntQueue.java. Using fallback presentation compiler.[0m
2026.03.02 23:35:26 INFO  no build target found for /Users/pro/f.csa311.25b-lab04/Java/src/main/java/edu/cmu/cs/cs214/rec02/ArrayIntQueue.java. Using fallback presentation compiler.[0m
2026.03.02 23:35:26 INFO  no build target found for /Users/pro/f.csa311.25b-lab04/Java/src/main/java/edu/cmu/cs/cs214/rec02/ArrayIntQueue.java. Using fallback presentation compiler.[0m
2026.03.02 23:35:26 INFO  no build target found for /Users/pro/f.csa311.25b-lab04/Java/src/main/java/edu/cmu/cs/cs214/rec02/ArrayIntQueue.java. Using fallback presentation compiler.[0m
2026.03.02 23:35:26 INFO  no build target found for /Users/pro/f.csa311.25b-lab04/Java/src/main/java/edu/cmu/cs/cs214/rec02/ArrayIntQueue.java. Using fallback presentation compiler.[0m
2026.03.02 23:35:26 INFO  no build target found for /Users/pro/f.csa311.25b-lab04/Java/src/main/java/edu/cmu/cs/cs214/rec02/ArrayIntQueue.java. Using fallback presentation compiler.[0m
2026.03.02 23:35:27 INFO  no build target found for /Users/pro/f.csa311.25b-lab04/Java/src/main/java/edu/cmu/cs/cs214/rec02/ArrayIntQueue.java. Using fallback presentation compiler.[0m
2026.03.02 23:35:27 INFO  no build target found for /Users/pro/f.csa311.25b-lab04/Java/src/main/java/edu/cmu/cs/cs214/rec02/ArrayIntQueue.java. Using fallback presentation compiler.[0m
2026.03.02 23:36:08 INFO  no build target found for /Users/pro/f.csa311.25b-lab04/Java/src/main/java/edu/cmu/cs/cs214/rec02/ArrayIntQueue.java. Using fallback presentation compiler.[0m
2026.03.02 23:36:10 INFO  no build target found for /Users/pro/f.csa311.25b-lab04/Java/src/main/java/edu/cmu/cs/cs214/rec02/ArrayIntQueue.java. Using fallback presentation compiler.[0m
2026.03.02 23:36:10 INFO  no build target found for /Users/pro/f.csa311.25b-lab04/Java/src/main/java/edu/cmu/cs/cs214/rec02/ArrayIntQueue.java. Using fallback presentation compiler.[0m
2026.03.02 23:36:10 INFO  no build target found for /Users/pro/f.csa311.25b-lab04/Java/src/main/java/edu/cmu/cs/cs214/rec02/ArrayIntQueue.java. Using fallback presentation compiler.[0m
2026.03.02 23:36:11 INFO  no build target found for /Users/pro/f.csa311.25b-lab04/Java/src/main/java/edu/cmu/cs/cs214/rec02/ArrayIntQueue.java. Using fallback presentation compiler.[0m
2026.03.02 23:36:11 INFO  no build target found for /Users/pro/f.csa311.25b-lab04/Java/src/main/java/edu/cmu/cs/cs214/rec02/ArrayIntQueue.java. Using fallback presentation compiler.[0m
2026.03.02 23:36:12 INFO  no build target found for /Users/pro/f.csa311.25b-lab04/Java/src/main/java/edu/cmu/cs/cs214/rec02/ArrayIntQueue.java. Using fallback presentation compiler.[0m
2026.03.02 23:36:13 INFO  no build target found for /Users/pro/f.csa311.25b-lab04/Java/src/main/java/edu/cmu/cs/cs214/rec02/ArrayIntQueue.java. Using fallback presentation compiler.[0m
2026.03.02 23:36:13 INFO  no build target found for /Users/pro/f.csa311.25b-lab04/Java/src/main/java/edu/cmu/cs/cs214/rec02/ArrayIntQueue.java. Using fallback presentation compiler.[0m
2026.03.02 23:36:13 INFO  no build target found for /Users/pro/f.csa311.25b-lab04/Java/src/main/java/edu/cmu/cs/cs214/rec02/ArrayIntQueue.java. Using fallback presentation compiler.[0m
2026.03.02 23:36:13 INFO  no build target found for /Users/pro/f.csa311.25b-lab04/Java/src/main/java/edu/cmu/cs/cs214/rec02/ArrayIntQueue.java. Using fallback presentation compiler.[0m
2026.03.02 23:36:14 INFO  no build target found for /Users/pro/f.csa311.25b-lab04/Java/src/main/java/edu/cmu/cs/cs214/rec02/ArrayIntQueue.java. Using fallback presentation compiler.[0m
2026.03.02 23:36:14 INFO  no build target found for /Users/pro/f.csa311.25b-lab04/Java/src/main/java/edu/cmu/cs/cs214/rec02/ArrayIntQueue.java. Using fallback presentation compiler.[0m
2026.03.02 23:36:29 INFO  no build target found for /Users/pro/f.csa311.25b-lab04/Java/src/main/java/edu/cmu/cs/cs214/rec02/ArrayIntQueue.java. Using fallback presentation compiler.[0m
2026.03.02 23:36:29 WARN  no build target for: /Users/pro/f.csa311.25b-lab04/Java/src/main/java/edu/cmu/cs/cs214/rec02/ArrayIntQueue.java[0m
2026.03.02 23:36:29 INFO  no build target found for /Users/pro/f.csa311.25b-lab04/Java/src/main/java/edu/cmu/cs/cs214/rec02/ArrayIntQueue.java. Using fallback presentation compiler.[0m
2026.03.02 23:36:29 INFO  no build target found for /Users/pro/f.csa311.25b-lab04/Java/src/main/java/edu/cmu/cs/cs214/rec02/ArrayIntQueue.java. Using fallback presentation compiler.[0m
2026.03.02 23:36:30 INFO  no build target found for /Users/pro/f.csa311.25b-lab04/Java/src/main/java/edu/cmu/cs/cs214/rec02/ArrayIntQueue.java. Using fallback presentation compiler.[0m
2026.03.02 23:36:30 INFO  no build target found for /Users/pro/f.csa311.25b-lab04/Java/src/main/java/edu/cmu/cs/cs214/rec02/ArrayIntQueue.java. Using fallback presentation compiler.[0m
2026.03.02 23:36:33 WARN  no build target for: /Users/pro/f.csa311.25b-lab04/Java/src/test/java/edu/cmu/cs/cs214/rec02/IntQueueTest.java[0m
2026.03.02 23:36:33 INFO  no build target found for /Users/pro/f.csa311.25b-lab04/Java/src/test/java/edu/cmu/cs/cs214/rec02/IntQueueTest.java. Using fallback presentation compiler.[0m
2026.03.02 23:36:33 INFO  no build target found for /Users/pro/f.csa311.25b-lab04/Java/src/test/java/edu/cmu/cs/cs214/rec02/IntQueueTest.java. Using fallback presentation compiler.[0m
2026.03.02 23:36:33 INFO  no build target found for /Users/pro/f.csa311.25b-lab04/Java/src/test/java/edu/cmu/cs/cs214/rec02/IntQueueTest.java. Using fallback presentation compiler.[0m
2026.03.02 23:36:35 INFO  no build target found for /Users/pro/f.csa311.25b-lab04/Java/src/test/java/edu/cmu/cs/cs214/rec02/IntQueueTest.java. Using fallback presentation compiler.[0m
2026.03.02 23:36:37 INFO  no build target found for /Users/pro/f.csa311.25b-lab04/Java/src/test/java/edu/cmu/cs/cs214/rec02/IntQueueTest.java. Using fallback presentation compiler.[0m
2026.03.02 23:36:37 INFO  no build target found for /Users/pro/f.csa311.25b-lab04/Java/src/test/java/edu/cmu/cs/cs214/rec02/IntQueueTest.java. Using fallback presentation compiler.[0m
2026.03.02 23:39:38 INFO  no build target found for /Users/pro/f.csa311.25b-lab04/Java/src/main/java/edu/cmu/cs/cs214/rec02/ArrayIntQueue.java. Using fallback presentation compiler.[0m
Mar 02, 2026 11:39:38 PM org.eclipse.lsp4j.jsonrpc.services.GenericEndpoint notify
INFO: Unsupported notification method: $/setTrace
Mar 02, 2026 11:39:38 PM org.eclipse.lsp4j.jsonrpc.services.GenericEndpoint notify
INFO: Unsupported notification method: $/setTrace
2026.03.02 23:54:58 INFO  Shutting down server[0m
2026.03.02 23:54:58 INFO  Memory monitor stopped[0m
2026.03.02 23:54:58 INFO  shutting down Metals[0m
2026.03.02 23:54:58 INFO  Exiting server[0m
2026.03.02 23:54:58 ERROR Unexpected error initializing server: 
org.eclipse.lsp4j.jsonrpc.ResponseErrorException: Request window/showMessageRequest failed with message: Canceled
	at org.eclipse.lsp4j.jsonrpc.RemoteEndpoint.handleResponse(RemoteEndpoint.java:220)
	at org.eclipse.lsp4j.jsonrpc.RemoteEndpoint.consume(RemoteEndpoint.java:204)
	at org.eclipse.lsp4j.jsonrpc.json.StreamMessageProducer.handleMessage(StreamMessageProducer.java:185)
	at org.eclipse.lsp4j.jsonrpc.json.StreamMessageProducer.listen(StreamMessageProducer.java:97)
	at org.eclipse.lsp4j.jsonrpc.json.ConcurrentMessageProcessor.run(ConcurrentMessageProcessor.java:114)
	at java.util.concurrent.Executors$RunnableAdapter.call(Executors.java:545)
	at java.util.concurrent.FutureTask.run(FutureTask.java:328)
	at java.util.concurrent.ThreadPoolExecutor.runWorker(ThreadPoolExecutor.java:1095)
	at java.util.concurrent.ThreadPoolExecutor$Worker.run(ThreadPoolExecutor.java:619)
	at java.lang.Thread.run(Thread.java:1447)
[0m
2026.03.03 15:55:00 INFO  Started: Metals version 1.6.5 in folders '/Users/pro/f.csa311.25b-lab04/Java' for client Visual Studio Code 1.109.0.
2026.03.03 15:55:00 INFO  Memory monitor started
2026.03.03 15:55:01 WARN  Using H2 2.4.240 which is newer than the version Flyway has been verified with. The latest verified version of H2 is 2.3.232.
2026.03.03 15:55:01 INFO  no build target found for /Users/pro/f.csa311.25b-lab04/Java/src/test/java/edu/cmu/cs/cs214/rec02/IntQueueTest.java. Using fallback presentation compiler.
Mar 03, 2026 3:55:01 PM org.eclipse.lsp4j.jsonrpc.RemoteEndpoint handleCancellation
WARNING: Unmatched cancel notification for request id 3
2026.03.03 15:55:01 INFO  no build target found for /Users/pro/f.csa311.25b-lab04/Java/src/test/java/edu/cmu/cs/cs214/rec02/IntQueueTest.java. Using fallback presentation compiler.
2026.03.03 15:55:01 INFO  no build target found for /Users/pro/f.csa311.25b-lab04/Java/src/test/java/edu/cmu/cs/cs214/rec02/IntQueueTest.java. Using fallback presentation compiler.
Mar 03, 2026 3:55:02 PM org.eclipse.lsp4j.jsonrpc.RemoteEndpoint handleCancellation
WARNING: Unmatched cancel notification for request id 4
2026.03.03 15:55:02 INFO  no build target found for /Users/pro/f.csa311.25b-lab04/Java/src/test/java/edu/cmu/cs/cs214/rec02/IntQueueTest.java. Using fallback presentation compiler.
2026.03.03 15:55:02 INFO  no build target found for /Users/pro/f.csa311.25b-lab04/Java/src/test/java/edu/cmu/cs/cs214/rec02/IntQueueTest.java. Using fallback presentation compiler.
2026.03.03 15:55:02 INFO  no build target found for /Users/pro/f.csa311.25b-lab04/Java/src/test/java/edu/cmu/cs/cs214/rec02/IntQueueTest.java. Using fallback presentation compiler.
2026.03.03 15:55:02 INFO  no build target found for /Users/pro/f.csa311.25b-lab04/Java/src/test/java/edu/cmu/cs/cs214/rec02/IntQueueTest.java. Using fallback presentation compiler.
Mar 03, 2026 3:55:02 PM org.eclipse.lsp4j.jsonrpc.RemoteEndpoint handleCancellation
WARNING: Unmatched cancel notification for request id 13
2026.03.03 15:55:02 INFO  no build target found for /Users/pro/f.csa311.25b-lab04/Java/src/test/java/edu/cmu/cs/cs214/rec02/IntQueueTest.java. Using fallback presentation compiler.
2026.03.03 15:55:02 INFO  no build target found for /Users/pro/f.csa311.25b-lab04/Java/src/test/java/edu/cmu/cs/cs214/rec02/IntQueueTest.java. Using fallback presentation compiler.
2026.03.03 15:55:03 INFO  no build target found for /Users/pro/f.csa311.25b-lab04/Java/src/test/java/edu/cmu/cs/cs214/rec02/IntQueueTest.java. Using fallback presentation compiler.
2026.03.03 15:55:03 INFO  no build target found for /Users/pro/f.csa311.25b-lab04/Java/src/test/java/edu/cmu/cs/cs214/rec02/IntQueueTest.java. Using fallback presentation compiler.
2026.03.03 15:55:04 INFO  no build target found for /Users/pro/f.csa311.25b-lab04/Java/src/test/java/edu/cmu/cs/cs214/rec02/IntQueueTest.java. Using fallback presentation compiler.
2026.03.03 15:55:05 INFO  no build target found for /Users/pro/f.csa311.25b-lab04/Java/src/test/java/edu/cmu/cs/cs214/rec02/IntQueueTest.java. Using fallback presentation compiler.
2026.03.03 15:55:04 INFO  no build target found for /Users/pro/f.csa311.25b-lab04/Java/src/test/java/edu/cmu/cs/cs214/rec02/IntQueueTest.java. Using fallback presentation compiler.
2026.03.03 15:55:06 INFO  no build target found for /Users/pro/f.csa311.25b-lab04/Java/src/test/java/edu/cmu/cs/cs214/rec02/IntQueueTest.java. Using fallback presentation compiler.
2026.03.03 15:55:08 INFO  no build target found for /Users/pro/f.csa311.25b-lab04/Java/src/test/java/edu/cmu/cs/cs214/rec02/IntQueueTest.java. Using fallback presentation compiler.
2026.03.03 15:55:08 INFO  no build target found for /Users/pro/f.csa311.25b-lab04/Java/src/test/java/edu/cmu/cs/cs214/rec02/IntQueueTest.java. Using fallback presentation compiler.
2026.03.03 15:55:10 INFO  no build target found for /Users/pro/f.csa311.25b-lab04/Java/src/test/java/edu/cmu/cs/cs214/rec02/IntQueueTest.java. Using fallback presentation compiler.
2026.03.03 15:55:10 INFO  no build target found for /Users/pro/f.csa311.25b-lab04/Java/src/test/java/edu/cmu/cs/cs214/rec02/IntQueueTest.java. Using fallback presentation compiler.
2026.03.03 15:55:10 INFO  no build target found for /Users/pro/f.csa311.25b-lab04/Java/src/test/java/edu/cmu/cs/cs214/rec02/IntQueueTest.java. Using fallback presentation compiler.
2026.03.03 15:55:15 INFO  no build target found for /Users/pro/f.csa311.25b-lab04/Java/src/test/java/edu/cmu/cs/cs214/rec02/IntQueueTest.java. Using fallback presentation compiler.
2026.03.03 15:55:16 INFO  no build target found for /Users/pro/f.csa311.25b-lab04/Java/src/test/java/edu/cmu/cs/cs214/rec02/IntQueueTest.java. Using fallback presentation compiler.
2026.03.03 15:55:16 INFO  no build target found for /Users/pro/f.csa311.25b-lab04/Java/src/test/java/edu/cmu/cs/cs214/rec02/IntQueueTest.java. Using fallback presentation compiler.
2026.03.03 15:55:16 INFO  no build target found for /Users/pro/f.csa311.25b-lab04/Java/src/test/java/edu/cmu/cs/cs214/rec02/IntQueueTest.java. Using fallback presentation compiler.
2026.03.03 15:55:16 INFO  no build target found for /Users/pro/f.csa311.25b-lab04/Java/src/test/java/edu/cmu/cs/cs214/rec02/IntQueueTest.java. Using fallback presentation compiler.
2026.03.03 15:55:17 INFO  no build target found for /Users/pro/f.csa311.25b-lab04/Java/src/test/java/edu/cmu/cs/cs214/rec02/IntQueueTest.java. Using fallback presentation compiler.
2026.03.03 15:55:17 INFO  no build target found for /Users/pro/f.csa311.25b-lab04/Java/src/test/java/edu/cmu/cs/cs214/rec02/IntQueueTest.java. Using fallback presentation compiler.
2026.03.03 15:55:21 INFO  no build target found for /Users/pro/f.csa311.25b-lab04/Java/src/test/java/edu/cmu/cs/cs214/rec02/IntQueueTest.java. Using fallback presentation compiler.
2026.03.03 15:55:22 INFO  no build target found for /Users/pro/f.csa311.25b-lab04/Java/src/test/java/edu/cmu/cs/cs214/rec02/IntQueueTest.java. Using fallback presentation compiler.
2026.03.03 15:55:22 INFO  no build target found for /Users/pro/f.csa311.25b-lab04/Java/src/test/java/edu/cmu/cs/cs214/rec02/IntQueueTest.java. Using fallback presentation compiler.
2026.03.03 15:55:24 INFO  no build target found for /Users/pro/f.csa311.25b-lab04/Java/src/test/java/edu/cmu/cs/cs214/rec02/IntQueueTest.java. Using fallback presentation compiler.
2026.03.03 15:55:24 INFO  no build target found for /Users/pro/f.csa311.25b-lab04/Java/src/test/java/edu/cmu/cs/cs214/rec02/IntQueueTest.java. Using fallback presentation compiler.
2026.03.03 15:55:24 INFO  no build target found for /Users/pro/f.csa311.25b-lab04/Java/src/test/java/edu/cmu/cs/cs214/rec02/IntQueueTest.java. Using fallback presentation compiler.
2026.03.03 15:55:24 INFO  no build target found for /Users/pro/f.csa311.25b-lab04/Java/src/test/java/edu/cmu/cs/cs214/rec02/IntQueueTest.java. Using fallback presentation compiler.
2026.03.03 15:55:26 INFO  no build target found for /Users/pro/f.csa311.25b-lab04/Java/src/test/java/edu/cmu/cs/cs214/rec02/IntQueueTest.java. Using fallback presentation compiler.
2026.03.03 15:55:26 INFO  no build target found for /Users/pro/f.csa311.25b-lab04/Java/src/test/java/edu/cmu/cs/cs214/rec02/IntQueueTest.java. Using fallback presentation compiler.
2026.03.03 15:55:26 INFO  no build target found for /Users/pro/f.csa311.25b-lab04/Java/src/test/java/edu/cmu/cs/cs214/rec02/IntQueueTest.java. Using fallback presentation compiler.
2026.03.03 15:55:26 INFO  no build target found for /Users/pro/f.csa311.25b-lab04/Java/src/test/java/edu/cmu/cs/cs214/rec02/IntQueueTest.java. Using fallback presentation compiler.
2026.03.03 15:55:29 INFO  no build target found for /Users/pro/f.csa311.25b-lab04/Java/src/test/java/edu/cmu/cs/cs214/rec02/IntQueueTest.java. Using fallback presentation compiler.
2026.03.03 15:55:29 INFO  no build target found for /Users/pro/f.csa311.25b-lab04/Java/src/test/java/edu/cmu/cs/cs214/rec02/IntQueueTest.java. Using fallback presentation compiler.
2026.03.03 15:55:31 INFO  no build target found for /Users/pro/f.csa311.25b-lab04/Java/src/test/java/edu/cmu/cs/cs214/rec02/IntQueueTest.java. Using fallback presentation compiler.
2026.03.03 15:55:31 INFO  no build target found for /Users/pro/f.csa311.25b-lab04/Java/src/test/java/edu/cmu/cs/cs214/rec02/IntQueueTest.java. Using fallback presentation compiler.
2026.03.03 15:55:32 INFO  no build target found for /Users/pro/f.csa311.25b-lab04/Java/src/test/java/edu/cmu/cs/cs214/rec02/IntQueueTest.java. Using fallback presentation compiler.
2026.03.03 15:55:32 INFO  no build target found for /Users/pro/f.csa311.25b-lab04/Java/src/test/java/edu/cmu/cs/cs214/rec02/IntQueueTest.java. Using fallback presentation compiler.
2026.03.03 15:55:32 INFO  no build target found for /Users/pro/f.csa311.25b-lab04/Java/src/test/java/edu/cmu/cs/cs214/rec02/IntQueueTest.java. Using fallback presentation compiler.
2026.03.03 15:55:33 INFO  no build target found for /Users/pro/f.csa311.25b-lab04/Java/src/test/java/edu/cmu/cs/cs214/rec02/IntQueueTest.java. Using fallback presentation compiler.
2026.03.03 15:55:32 INFO  no build target found for /Users/pro/f.csa311.25b-lab04/Java/src/test/java/edu/cmu/cs/cs214/rec02/IntQueueTest.java. Using fallback presentation compiler.
2026.03.03 15:55:33 INFO  no build target found for /Users/pro/f.csa311.25b-lab04/Java/src/test/java/edu/cmu/cs/cs214/rec02/IntQueueTest.java. Using fallback presentation compiler.
2026.03.03 15:55:34 INFO  no build target found for /Users/pro/f.csa311.25b-lab04/Java/src/test/java/edu/cmu/cs/cs214/rec02/IntQueueTest.java. Using fallback presentation compiler.
2026.03.03 15:55:34 INFO  no build target found for /Users/pro/f.csa311.25b-lab04/Java/src/test/java/edu/cmu/cs/cs214/rec02/IntQueueTest.java. Using fallback presentation compiler.
2026.03.03 15:55:34 INFO  no build target found for /Users/pro/f.csa311.25b-lab04/Java/src/test/java/edu/cmu/cs/cs214/rec02/IntQueueTest.java. Using fallback presentation compiler.
2026.03.03 15:55:34 INFO  no build target found for /Users/pro/f.csa311.25b-lab04/Java/src/test/java/edu/cmu/cs/cs214/rec02/IntQueueTest.java. Using fallback presentation compiler.
2026.03.03 15:55:41 WARN  no build target for: /Users/pro/f.csa311.25b-lab04/Java/src/test/java/edu/cmu/cs/cs214/rec02/IntQueueTest.java
2026.03.03 15:55:41 INFO  no build target found for /Users/pro/f.csa311.25b-lab04/Java/src/test/java/edu/cmu/cs/cs214/rec02/IntQueueTest.java. Using fallback presentation compiler.
2026.03.03 15:55:41 INFO  no build target found for /Users/pro/f.csa311.25b-lab04/Java/src/test/java/edu/cmu/cs/cs214/rec02/IntQueueTest.java. Using fallback presentation compiler.
2026.03.03 15:55:43 INFO  no build target found for /Users/pro/f.csa311.25b-lab04/Java/src/main/java/edu/cmu/cs/cs214/rec02/ArrayIntQueue.java. Using fallback presentation compiler.
2026.03.03 15:55:44 INFO  no build target found for /Users/pro/f.csa311.25b-lab04/Java/src/main/java/edu/cmu/cs/cs214/rec02/ArrayIntQueue.java. Using fallback presentation compiler.
2026.03.03 15:55:43 INFO  no build target found for /Users/pro/f.csa311.25b-lab04/Java/src/main/java/edu/cmu/cs/cs214/rec02/ArrayIntQueue.java. Using fallback presentation compiler.
2026.03.03 15:55:43 INFO  no build target found for /Users/pro/f.csa311.25b-lab04/Java/src/main/java/edu/cmu/cs/cs214/rec02/ArrayIntQueue.java. Using fallback presentation compiler.
2026.03.03 15:55:43 INFO  no build target found for /Users/pro/f.csa311.25b-lab04/Java/src/main/java/edu/cmu/cs/cs214/rec02/ArrayIntQueue.java. Using fallback presentation compiler.
2026.03.03 15:55:45 INFO  no build target found for /Users/pro/f.csa311.25b-lab04/Java/src/main/java/edu/cmu/cs/cs214/rec02/ArrayIntQueue.java. Using fallback presentation compiler.
2026.03.03 15:55:51 INFO  no build target found for /Users/pro/f.csa311.25b-lab04/Java/src/main/java/edu/cmu/cs/cs214/rec02/ArrayIntQueue.java. Using fallback presentation compiler.
2026.03.03 15:55:51 INFO  no build target found for /Users/pro/f.csa311.25b-lab04/Java/src/main/java/edu/cmu/cs/cs214/rec02/ArrayIntQueue.java. Using fallback presentation compiler.
2026.03.03 15:55:54 INFO  no build target found for /Users/pro/f.csa311.25b-lab04/Java/src/main/java/edu/cmu/cs/cs214/rec02/ArrayIntQueue.java. Using fallback presentation compiler.
2026.03.03 15:55:54 INFO  no build target found for /Users/pro/f.csa311.25b-lab04/Java/src/main/java/edu/cmu/cs/cs214/rec02/ArrayIntQueue.java. Using fallback presentation compiler.
2026.03.03 15:55:54 INFO  no build target found for /Users/pro/f.csa311.25b-lab04/Java/src/main/java/edu/cmu/cs/cs214/rec02/ArrayIntQueue.java. Using fallback presentation compiler.
2026.03.03 15:55:55 INFO  no build target found for /Users/pro/f.csa311.25b-lab04/Java/src/main/java/edu/cmu/cs/cs214/rec02/ArrayIntQueue.java. Using fallback presentation compiler.
2026.03.03 15:55:55 INFO  no build target found for /Users/pro/f.csa311.25b-lab04/Java/src/main/java/edu/cmu/cs/cs214/rec02/ArrayIntQueue.java. Using fallback presentation compiler.
2026.03.03 15:55:55 INFO  no build target found for /Users/pro/f.csa311.25b-lab04/Java/src/main/java/edu/cmu/cs/cs214/rec02/ArrayIntQueue.java. Using fallback presentation compiler.
2026.03.03 15:55:56 INFO  no build target found for /Users/pro/f.csa311.25b-lab04/Java/src/main/java/edu/cmu/cs/cs214/rec02/ArrayIntQueue.java. Using fallback presentation compiler.
2026.03.03 15:55:59 INFO  no build target found for /Users/pro/f.csa311.25b-lab04/Java/src/main/java/edu/cmu/cs/cs214/rec02/ArrayIntQueue.java. Using fallback presentation compiler.
2026.03.03 15:55:59 INFO  no build target found for /Users/pro/f.csa311.25b-lab04/Java/src/main/java/edu/cmu/cs/cs214/rec02/ArrayIntQueue.java. Using fallback presentation compiler.
2026.03.03 15:56:00 INFO  no build target found for /Users/pro/f.csa311.25b-lab04/Java/src/main/java/edu/cmu/cs/cs214/rec02/ArrayIntQueue.java. Using fallback presentation compiler.
2026.03.03 15:56:02 INFO  no build target found for /Users/pro/f.csa311.25b-lab04/Java/src/main/java/edu/cmu/cs/cs214/rec02/ArrayIntQueue.java. Using fallback presentation compiler.
2026.03.03 15:56:02 INFO  no build target found for /Users/pro/f.csa311.25b-lab04/Java/src/main/java/edu/cmu/cs/cs214/rec02/ArrayIntQueue.java. Using fallback presentation compiler.
2026.03.03 15:56:02 INFO  no build target found for /Users/pro/f.csa311.25b-lab04/Java/src/main/java/edu/cmu/cs/cs214/rec02/ArrayIntQueue.java. Using fallback presentation compiler.
2026.03.03 15:56:02 INFO  no build target found for /Users/pro/f.csa311.25b-lab04/Java/src/main/java/edu/cmu/cs/cs214/rec02/ArrayIntQueue.java. Using fallback presentation compiler.
2026.03.03 15:56:02 INFO  no build target found for /Users/pro/f.csa311.25b-lab04/Java/src/main/java/edu/cmu/cs/cs214/rec02/ArrayIntQueue.java. Using fallback presentation compiler.
2026.03.03 15:56:02 INFO  no build target found for /Users/pro/f.csa311.25b-lab04/Java/src/main/java/edu/cmu/cs/cs214/rec02/ArrayIntQueue.java. Using fallback presentation compiler.
2026.03.03 15:56:03 INFO  no build target found for /Users/pro/f.csa311.25b-lab04/Java/src/main/java/edu/cmu/cs/cs214/rec02/ArrayIntQueue.java. Using fallback presentation compiler.
2026.03.03 15:56:03 INFO  no build target found for /Users/pro/f.csa311.25b-lab04/Java/src/main/java/edu/cmu/cs/cs214/rec02/ArrayIntQueue.java. Using fallback presentation compiler.
2026.03.03 15:56:03 INFO  no build target found for /Users/pro/f.csa311.25b-lab04/Java/src/main/java/edu/cmu/cs/cs214/rec02/ArrayIntQueue.java. Using fallback presentation compiler.
2026.03.03 15:56:03 INFO  no build target found for /Users/pro/f.csa311.25b-lab04/Java/src/main/java/edu/cmu/cs/cs214/rec02/ArrayIntQueue.java. Using fallback presentation compiler.
2026.03.03 15:56:03 INFO  no build target found for /Users/pro/f.csa311.25b-lab04/Java/src/main/java/edu/cmu/cs/cs214/rec02/ArrayIntQueue.java. Using fallback presentation compiler.
2026.03.03 15:56:05 INFO  no build target found for /Users/pro/f.csa311.25b-lab04/Java/src/main/java/edu/cmu/cs/cs214/rec02/ArrayIntQueue.java. Using fallback presentation compiler.
2026.03.03 15:56:05 INFO  no build target found for /Users/pro/f.csa311.25b-lab04/Java/src/main/java/edu/cmu/cs/cs214/rec02/ArrayIntQueue.java. Using fallback presentation compiler.
2026.03.03 15:56:05 INFO  no build target found for /Users/pro/f.csa311.25b-lab04/Java/src/main/java/edu/cmu/cs/cs214/rec02/ArrayIntQueue.java. Using fallback presentation compiler.
2026.03.03 15:56:05 INFO  no build target found for /Users/pro/f.csa311.25b-lab04/Java/src/main/java/edu/cmu/cs/cs214/rec02/ArrayIntQueue.java. Using fallback presentation compiler.
2026.03.03 15:56:05 INFO  no build target found for /Users/pro/f.csa311.25b-lab04/Java/src/main/java/edu/cmu/cs/cs214/rec02/ArrayIntQueue.java. Using fallback presentation compiler.
2026.03.03 15:56:06 INFO  no build target found for /Users/pro/f.csa311.25b-lab04/Java/src/main/java/edu/cmu/cs/cs214/rec02/ArrayIntQueue.java. Using fallback presentation compiler.
2026.03.03 15:56:06 INFO  no build target found for /Users/pro/f.csa311.25b-lab04/Java/src/main/java/edu/cmu/cs/cs214/rec02/ArrayIntQueue.java. Using fallback presentation compiler.
2026.03.03 15:56:07 INFO  no build target found for /Users/pro/f.csa311.25b-lab04/Java/src/main/java/edu/cmu/cs/cs214/rec02/ArrayIntQueue.java. Using fallback presentation compiler.
2026.03.03 15:56:07 INFO  no build target found for /Users/pro/f.csa311.25b-lab04/Java/src/main/java/edu/cmu/cs/cs214/rec02/ArrayIntQueue.java. Using fallback presentation compiler.
2026.03.03 15:56:07 INFO  no build target found for /Users/pro/f.csa311.25b-lab04/Java/src/main/java/edu/cmu/cs/cs214/rec02/ArrayIntQueue.java. Using fallback presentation compiler.
2026.03.03 15:56:09 INFO  no build target found for /Users/pro/f.csa311.25b-lab04/Java/src/main/java/edu/cmu/cs/cs214/rec02/ArrayIntQueue.java. Using fallback presentation compiler.
2026.03.03 15:56:09 INFO  no build target found for /Users/pro/f.csa311.25b-lab04/Java/src/main/java/edu/cmu/cs/cs214/rec02/ArrayIntQueue.java. Using fallback presentation compiler.
2026.03.03 15:56:10 INFO  no build target found for /Users/pro/f.csa311.25b-lab04/Java/src/main/java/edu/cmu/cs/cs214/rec02/ArrayIntQueue.java. Using fallback presentation compiler.
2026.03.03 15:56:10 INFO  no build target found for /Users/pro/f.csa311.25b-lab04/Java/src/main/java/edu/cmu/cs/cs214/rec02/ArrayIntQueue.java. Using fallback presentation compiler.
2026.03.03 15:56:10 INFO  no build target found for /Users/pro/f.csa311.25b-lab04/Java/src/main/java/edu/cmu/cs/cs214/rec02/ArrayIntQueue.java. Using fallback presentation compiler.
2026.03.03 15:56:10 INFO  no build target found for /Users/pro/f.csa311.25b-lab04/Java/src/main/java/edu/cmu/cs/cs214/rec02/ArrayIntQueue.java. Using fallback presentation compiler.
2026.03.03 15:56:11 INFO  no build target found for /Users/pro/f.csa311.25b-lab04/Java/src/main/java/edu/cmu/cs/cs214/rec02/ArrayIntQueue.java. Using fallback presentation compiler.
2026.03.03 15:56:22 INFO  no build target found for /Users/pro/f.csa311.25b-lab04/Java/src/main/java/edu/cmu/cs/cs214/rec02/IntQueue.java. Using fallback presentation compiler.
2026.03.03 15:56:22 INFO  no build target found for /Users/pro/f.csa311.25b-lab04/Java/src/main/java/edu/cmu/cs/cs214/rec02/IntQueue.java. Using fallback presentation compiler.
2026.03.03 15:56:23 INFO  no build target found for /Users/pro/f.csa311.25b-lab04/Java/src/main/java/edu/cmu/cs/cs214/rec02/IntQueue.java. Using fallback presentation compiler.
